<?xml version="1.0" encoding="UTF-8"?>
<testng-results skipped="0" failed="0" ignored="2" total="14" passed="12">
  <reporter-output>
  </reporter-output>
  <suite name="Suite" duration-ms="769" started-at="2020-06-29T00:16:17 IST" finished-at="2020-06-29T00:16:18 IST">
    <groups>
    </groups>
    <test name="Test3" duration-ms="219" started-at="2020-06-29T00:16:17 IST" finished-at="2020-06-29T00:16:17 IST">
      <class name="Tutorial.Day3">
        <test-method status="PASS" signature="mobilecarlogin()[pri:0, instance:Tutorial.Day3@5a8e6209]" name="mobilecarlogin" duration-ms="32" started-at="2020-06-29T00:16:17 IST" finished-at="2020-06-29T00:16:17 IST">
          <reporter-output>
          </reporter-output>
        </test-method> <!-- mobilecarlogin -->
        <test-method status="PASS" signature="mobileloanlogin()[pri:0, instance:Tutorial.Day3@5a8e6209]" name="mobileloanlogin" duration-ms="8" started-at="2020-06-29T00:16:17 IST" finished-at="2020-06-29T00:16:17 IST">
          <reporter-output>
          </reporter-output>
        </test-method> <!-- mobileloanlogin -->
        <test-method status="PASS" signature="mobilevanlogin()[pri:0, instance:Tutorial.Day3@5a8e6209]" name="mobilevanlogin" duration-ms="7" started-at="2020-06-29T00:16:17 IST" finished-at="2020-06-29T00:16:17 IST">
          <reporter-output>
          </reporter-output>
        </test-method> <!-- mobilevanlogin -->
      </class> <!-- Tutorial.Day3 -->
    </test> <!-- Test3 -->
    <test name="Test" duration-ms="125" started-at="2020-06-29T00:16:18 IST" finished-at="2020-06-29T00:16:18 IST">
      <class name="Tutorial.Annot">
        <test-method status="PASS" signature="btestan()[pri:0, instance:Tutorial.Annot@9660f4e]" name="btestan" is-config="true" duration-ms="1" started-at="2020-06-29T00:16:18 IST" finished-at="2020-06-29T00:16:18 IST">
          <reporter-output>
          </reporter-output>
        </test-method> <!-- btestan -->
        <test-method status="PASS" signature="bmethodan()[pri:0, instance:Tutorial.Annot@9660f4e]" name="bmethodan" is-config="true" duration-ms="1" started-at="2020-06-29T00:16:18 IST" finished-at="2020-06-29T00:16:18 IST">
          <reporter-output>
          </reporter-output>
        </test-method> <!-- bmethodan -->
        <test-method status="PASS" signature="fifthhmethod()[pri:0, instance:Tutorial.Annot@9660f4e]" name="fifthhmethod" duration-ms="6" started-at="2020-06-29T00:16:18 IST" finished-at="2020-06-29T00:16:18 IST">
          <reporter-output>
          </reporter-output>
        </test-method> <!-- fifthhmethod -->
        <test-method status="PASS" signature="amethodan()[pri:0, instance:Tutorial.Annot@9660f4e]" name="amethodan" is-config="true" duration-ms="1" started-at="2020-06-29T00:16:18 IST" finished-at="2020-06-29T00:16:18 IST">
          <reporter-output>
          </reporter-output>
        </test-method> <!-- amethodan -->
        <test-method status="PASS" signature="bmethodan()[pri:0, instance:Tutorial.Annot@9660f4e]" name="bmethodan" is-config="true" duration-ms="1" started-at="2020-06-29T00:16:18 IST" finished-at="2020-06-29T00:16:18 IST">
          <reporter-output>
          </reporter-output>
        </test-method> <!-- bmethodan -->
        <test-method status="PASS" signature="firstmethod()[pri:0, instance:Tutorial.Annot@9660f4e]" name="firstmethod" duration-ms="3" started-at="2020-06-29T00:16:18 IST" finished-at="2020-06-29T00:16:18 IST">
          <reporter-output>
          </reporter-output>
        </test-method> <!-- firstmethod -->
        <test-method status="PASS" signature="amethodan()[pri:0, instance:Tutorial.Annot@9660f4e]" name="amethodan" is-config="true" duration-ms="2" started-at="2020-06-29T00:16:18 IST" finished-at="2020-06-29T00:16:18 IST">
          <reporter-output>
          </reporter-output>
        </test-method> <!-- amethodan -->
        <test-method status="PASS" signature="bmethodan()[pri:0, instance:Tutorial.Annot@9660f4e]" name="bmethodan" is-config="true" duration-ms="1" started-at="2020-06-29T00:16:18 IST" finished-at="2020-06-29T00:16:18 IST">
          <reporter-output>
          </reporter-output>
        </test-method> <!-- bmethodan -->
        <test-method status="PASS" signature="fourthmethod()[pri:0, instance:Tutorial.Annot@9660f4e]" name="fourthmethod" duration-ms="7" started-at="2020-06-29T00:16:18 IST" finished-at="2020-06-29T00:16:18 IST">
          <reporter-output>
          </reporter-output>
        </test-method> <!-- fourthmethod -->
        <test-method status="PASS" signature="amethodan()[pri:0, instance:Tutorial.Annot@9660f4e]" name="amethodan" is-config="true" duration-ms="2" started-at="2020-06-29T00:16:18 IST" finished-at="2020-06-29T00:16:18 IST">
          <reporter-output>
          </reporter-output>
        </test-method> <!-- amethodan -->
        <test-method status="PASS" signature="bmethodan()[pri:0, instance:Tutorial.Annot@9660f4e]" name="bmethodan" is-config="true" duration-ms="2" started-at="2020-06-29T00:16:18 IST" finished-at="2020-06-29T00:16:18 IST">
          <reporter-output>
          </reporter-output>
        </test-method> <!-- bmethodan -->
        <test-method status="PASS" signature="secondmethod()[pri:0, instance:Tutorial.Annot@9660f4e]" name="secondmethod" duration-ms="4" started-at="2020-06-29T00:16:18 IST" finished-at="2020-06-29T00:16:18 IST">
          <reporter-output>
          </reporter-output>
        </test-method> <!-- secondmethod -->
        <test-method status="PASS" signature="amethodan()[pri:0, instance:Tutorial.Annot@9660f4e]" name="amethodan" is-config="true" duration-ms="1" started-at="2020-06-29T00:16:18 IST" finished-at="2020-06-29T00:16:18 IST">
          <reporter-output>
          </reporter-output>
        </test-method> <!-- amethodan -->
        <test-method status="PASS" signature="bmethodan()[pri:0, instance:Tutorial.Annot@9660f4e]" name="bmethodan" is-config="true" duration-ms="2" started-at="2020-06-29T00:16:18 IST" finished-at="2020-06-29T00:16:18 IST">
          <reporter-output>
          </reporter-output>
        </test-method> <!-- bmethodan -->
        <test-method status="PASS" signature="thirdmethod()[pri:0, instance:Tutorial.Annot@9660f4e]" name="thirdmethod" duration-ms="3" started-at="2020-06-29T00:16:18 IST" finished-at="2020-06-29T00:16:18 IST">
          <reporter-output>
          </reporter-output>
        </test-method> <!-- thirdmethod -->
        <test-method status="PASS" signature="amethodan()[pri:0, instance:Tutorial.Annot@9660f4e]" name="amethodan" is-config="true" duration-ms="2" started-at="2020-06-29T00:16:18 IST" finished-at="2020-06-29T00:16:18 IST">
          <reporter-output>
          </reporter-output>
        </test-method> <!-- amethodan -->
        <test-method status="PASS" signature="aclassan()[pri:0, instance:Tutorial.Annot@9660f4e]" name="aclassan" is-config="true" duration-ms="1" started-at="2020-06-29T00:16:18 IST" finished-at="2020-06-29T00:16:18 IST">
          <reporter-output>
          </reporter-output>
        </test-method> <!-- aclassan -->
        <test-method status="PASS" signature="atestan()[pri:0, instance:Tutorial.Annot@9660f4e]" name="atestan" is-config="true" duration-ms="1" started-at="2020-06-29T00:16:18 IST" finished-at="2020-06-29T00:16:18 IST">
          <reporter-output>
          </reporter-output>
        </test-method> <!-- atestan -->
      </class> <!-- Tutorial.Annot -->
      <class name="Tutorial.TestNG_Day2">
        <test-method status="PASS" signature="demo2()[pri:0, instance:Tutorial.TestNG_Day2@5a8806ef]" name="demo2" duration-ms="7" started-at="2020-06-29T00:16:18 IST" finished-at="2020-06-29T00:16:18 IST">
          <reporter-output>
          </reporter-output>
        </test-method> <!-- demo2 -->
      </class> <!-- Tutorial.TestNG_Day2 -->
    </test> <!-- Test -->
    <test name="Test2" duration-ms="119" started-at="2020-06-29T00:16:18 IST" finished-at="2020-06-29T00:16:18 IST">
      <class name="Tutorial.Annot">
        <test-method status="PASS" signature="bsuitean()[pri:0, instance:Tutorial.Annot@9660f4e]" name="bsuitean" is-config="true" duration-ms="51" started-at="2020-06-29T00:16:17 IST" finished-at="2020-06-29T00:16:17 IST">
          <reporter-output>
          </reporter-output>
        </test-method> <!-- bsuitean -->
        <test-method status="PASS" signature="asuitean()[pri:0, instance:Tutorial.Annot@9660f4e]" name="asuitean" is-config="true" duration-ms="4" started-at="2020-06-29T00:16:18 IST" finished-at="2020-06-29T00:16:18 IST">
          <reporter-output>
          </reporter-output>
        </test-method> <!-- asuitean -->
      </class> <!-- Tutorial.Annot -->
      <class name="Tutorial.Day3">
        <test-method status="PASS" signature="mobilecarlogin()[pri:0, instance:Tutorial.Day3@4f063c0a]" name="mobilecarlogin" duration-ms="9" started-at="2020-06-29T00:16:18 IST" finished-at="2020-06-29T00:16:18 IST">
          <reporter-output>
          </reporter-output>
        </test-method> <!-- mobilecarlogin -->
        <test-method status="PASS" signature="mobileloanlogin()[pri:0, instance:Tutorial.Day3@4f063c0a]" name="mobileloanlogin" duration-ms="4" started-at="2020-06-29T00:16:18 IST" finished-at="2020-06-29T00:16:18 IST">
          <reporter-output>
          </reporter-output>
        </test-method> <!-- mobileloanlogin -->
        <test-method status="PASS" signature="mobilevanlogin()[pri:0, instance:Tutorial.Day3@4f063c0a]" name="mobilevanlogin" duration-ms="10" started-at="2020-06-29T00:16:18 IST" finished-at="2020-06-29T00:16:18 IST">
          <reporter-output>
          </reporter-output>
        </test-method> <!-- mobilevanlogin -->
      </class> <!-- Tutorial.Day3 -->
    </test> <!-- Test2 -->
  </suite> <!-- Suite -->
</testng-results>
