<?xml version="1.0" encoding="UTF-8"?>
<!-- Generated by org.testng.reporters.JUnitXMLReporter -->
<testsuite hostname="Lenovo" ignored="0" name="pack" tests="11" failures="0" timestamp="2020-06-17T14:56:23 IST" time="0.202" errors="0">
  <testcase name="firstmethod" time="0.01" classname="Tutorial.Annot"/>
  <testcase name="fourthmethod" time="0.017" classname="Tutorial.Annot"/>
  <testcase name="secondmethod" time="0.01" classname="Tutorial.Annot"/>
  <testcase name="thirdmethod" time="0.018" classname="Tutorial.Annot"/>
  <testcase name="mobilecarlogin" time="0.002" classname="Tutorial.Day3"/>
  <testcase name="mobileloanlogin" time="0.006" classname="Tutorial.Day3"/>
  <testcase name="mobilelogin" time="0.004" classname="Tutorial.Day3"/>
  <testcase name="mobilevanlogin" time="0.005" classname="Tutorial.Day3"/>
  <testcase name="demo" time="0.003" classname="Tutorial.TestNG_Day1"/>
  <testcase name="demo1" time="0.007" classname="Tutorial.TestNG_Day1"/>
  <testcase name="demo2" time="0.002" classname="Tutorial.TestNG_Day2"/>
</testsuite> <!-- pack -->
