<?xml version="1.0" encoding="UTF-8"?>
<!-- Generated by org.testng.reporters.JUnitXMLReporter -->
<testsuite hostname="Lenovo" ignored="0" name="test1" tests="4" failures="0" timestamp="2020-06-17T15:34:44 IST" time="0.189" errors="0">
  <testcase name="mobilecarlogin" time="0.028" classname="Tutorial.Day3"/>
  <testcase name="mobileloanlogin" time="0.004" classname="Tutorial.Day3"/>
  <testcase name="mobilelogin" time="0.01" classname="Tutorial.Day3"/>
  <testcase name="mobilevanlogin" time="0.009" classname="Tutorial.Day3"/>
</testsuite> <!-- test1 -->
