<?xml version="1.0" encoding="UTF-8"?>
<!-- Generated by org.testng.reporters.JUnitXMLReporter -->
<testsuite hostname="Lenovo" ignored="1" name="Test3" tests="3" failures="0" timestamp="2020-06-29T00:16:17 IST" time="0.219" errors="0">
  <testcase name="mobilecarlogin" time="0.032" classname="Tutorial.Day3"/>
  <testcase name="mobileloanlogin" time="0.008" classname="Tutorial.Day3"/>
  <testcase name="mobilevanlogin" time="0.007" classname="Tutorial.Day3"/>
  <testcase name="mobilelogin" time="0.0" classname="Tutorial.Day3">
    <ignored/>
  </testcase> <!-- mobilelogin -->
</testsuite> <!-- Test3 -->
