<?xml version="1.0" encoding="UTF-8"?>
<!-- Generated by org.testng.reporters.JUnitXMLReporter -->
<testsuite hostname="Lenovo" ignored="0" name="Test" tests="6" failures="0" timestamp="2020-06-29T00:16:18 IST" time="0.125" errors="0">
  <testcase name="fifthhmethod" time="0.006" classname="Tutorial.Annot"/>
  <testcase name="firstmethod" time="0.003" classname="Tutorial.Annot"/>
  <testcase name="fourthmethod" time="0.007" classname="Tutorial.Annot"/>
  <testcase name="secondmethod" time="0.004" classname="Tutorial.Annot"/>
  <testcase name="thirdmethod" time="0.003" classname="Tutorial.Annot"/>
  <testcase name="demo2" time="0.007" classname="Tutorial.TestNG_Day2"/>
</testsuite> <!-- Test -->
