<?xml version="1.0" encoding="UTF-8"?>
<!-- Generated by org.testng.reporters.JUnitXMLReporter -->
<testsuite hostname="Lenovo" ignored="0" name="vimal" tests="4" failures="0" timestamp="2020-06-17T12:37:36 IST" time="0.086" errors="0">
  <testcase name="mobilecarlogin" time="0.004" classname="Tutorial.Day3"/>
  <testcase name="mobileloanlogin" time="0.008" classname="Tutorial.Day3"/>
  <testcase name="mobilelogin" time="0.01" classname="Tutorial.Day3"/>
  <testcase name="mobilevanlogin" time="0.009" classname="Tutorial.Day3"/>
</testsuite> <!-- vimal -->
